<?xml version="1.0" encoding="UTF-8"?>
<!-- Generated by org.testng.reporters.JUnitReportReporter -->
<testsuite hostname="azhar-pc" failures="0" tests="2" name="testng.Testng" time="0.019" errors="0" timestamp="31 May 2021 18:37:05 GMT" skipped="0">
  <testcase classname="testng.Testng" name="TC1" time="0.013"/>
  <testcase classname="testng.Testng" name="TC2" time="0.006"/>
</testsuite> <!-- testng.Testng -->
